<?xml version="1.0" encoding="UTF-8"?>
<!-- Generated by org.testng.reporters.JUnitXMLReporter -->
<testsuite ignored="0" hostname="DESKTOP-J1ENNFL" failures="0" tests="3" name="Default test" time="0.357" errors="0" timestamp="2021-11-22T14:05:05 IST">
  <testcase classname="Test_NG_Demo.testng.DataProviderDemo" name="loginToBrowser" time="0.03"/>
  <testcase classname="Test_NG_Demo.testng.DataProviderDemo" name="loginToBrowser" time="0.009"/>
  <testcase classname="Test_NG_Demo.testng.DataProviderDemo" name="loginToBrowser" time="0.01"/>
</testsuite> <!-- Default test -->
